<?xml version="1.0" encoding="UTF-8"?>
<testng-results skipped="0" failed="0" ignored="0" total="1" passed="1">
  <reporter-output>
  </reporter-output>
  <suite name="Default suite" duration-ms="10336" started-at="2020-06-22T00:10:56Z" finished-at="2020-06-22T00:11:06Z">
    <groups>
    </groups>
    <test name="Default test" duration-ms="10336" started-at="2020-06-22T00:10:56Z" finished-at="2020-06-22T00:11:06Z">
      <class name="com.crb.tests.Tc_SignIn_002">
        <test-method status="PASS" signature="setup()[pri:0, instance:com.crb.tests.Tc_SignIn_002@71b1176b]" name="setup" is-config="true" duration-ms="9574" started-at="2020-06-22T00:10:56Z" finished-at="2020-06-22T00:11:05Z">
          <reporter-output>
          </reporter-output>
        </test-method> <!-- setup -->
        <test-method status="PASS" signature="signUpPageTitleTest()[pri:1, instance:com.crb.tests.Tc_SignIn_002@71b1176b]" name="signUpPageTitleTest" duration-ms="50" started-at="2020-06-22T00:11:05Z" finished-at="2020-06-22T00:11:05Z">
          <reporter-output>
          </reporter-output>
        </test-method> <!-- signUpPageTitleTest -->
        <test-method status="PASS" signature="tearDown()[pri:0, instance:com.crb.tests.Tc_SignIn_002@71b1176b]" name="tearDown" is-config="true" duration-ms="691" started-at="2020-06-22T00:11:05Z" finished-at="2020-06-22T00:11:06Z">
          <reporter-output>
          </reporter-output>
        </test-method> <!-- tearDown -->
      </class> <!-- com.crb.tests.Tc_SignIn_002 -->
    </test> <!-- Default test -->
  </suite> <!-- Default suite -->
</testng-results>
